DEBUG:psij:Attempting to load aprun_descriptor from /home/zhsiller/research/ROSE/rose_env/lib/python3.13/site-packages
DEBUG:psij:Found module "aprun_descriptor" with classes [Descriptor(name=aprun, path=None)]
DEBUG:psij:Registering Descriptor(name=aprun, path=None)
DEBUG:psij:Attempting to load cobalt_descriptor from /home/zhsiller/research/ROSE/rose_env/lib/python3.13/site-packages
DEBUG:psij:Found module "cobalt_descriptor" with classes [Descriptor(name=cobalt, path=None)]
DEBUG:psij:Registering Descriptor(name=cobalt, path=None)
DEBUG:psij:Attempting to load core_descriptors from /home/zhsiller/research/ROSE/rose_env/lib/python3.13/site-packages
DEBUG:psij:Found module "core_descriptors" with classes [Descriptor(name=local, path=None)]
DEBUG:psij:Registering Descriptor(name=local, path=None)
DEBUG:psij:Found module "core_descriptors" with classes [Descriptor(name=single, path=None), Descriptor(name=multiple, path=None), Descriptor(name=mpirun, path=None)]
DEBUG:psij:Registering Descriptor(name=single, path=None)
DEBUG:psij:Registering Descriptor(name=multiple, path=None)
DEBUG:psij:Registering Descriptor(name=mpirun, path=None)
DEBUG:psij:Attempting to load flux_descriptor from /home/zhsiller/research/ROSE/rose_env/lib/python3.13/site-packages
DEBUG:psij:Found module "flux_descriptor" with classes [Descriptor(name=flux, path=None)]
DEBUG:psij:Registering Descriptor(name=flux, path=None)
INFO:psij._plugins:No module named 'flux'
DEBUG:psij:Attempting to load jsrun_descriptor from /home/zhsiller/research/ROSE/rose_env/lib/python3.13/site-packages
DEBUG:psij:Found module "jsrun_descriptor" with classes [Descriptor(name=jrun, path=None)]
DEBUG:psij:Registering Descriptor(name=jrun, path=None)
DEBUG:psij:Attempting to load lsf_descriptor from /home/zhsiller/research/ROSE/rose_env/lib/python3.13/site-packages
DEBUG:psij:Found module "lsf_descriptor" with classes [Descriptor(name=lsf, path=None)]
DEBUG:psij:Registering Descriptor(name=lsf, path=None)
DEBUG:psij:Attempting to load pbs_descriptor from /home/zhsiller/research/ROSE/rose_env/lib/python3.13/site-packages
DEBUG:psij:Found module "pbs_descriptor" with classes [Descriptor(name=pbs, path=None), Descriptor(name=pbs_classic, path=None)]
DEBUG:psij:Registering Descriptor(name=pbs, path=None)
DEBUG:psij:Registering Descriptor(name=pbs_classic, path=None)
DEBUG:psij:Attempting to load rp_descriptor from /home/zhsiller/research/ROSE/rose_env/lib/python3.13/site-packages
DEBUG:psij:Found module "rp_descriptor" with classes [Descriptor(name=rp, path=None)]
DEBUG:psij:Registering Descriptor(name=rp, path=None)
DEBUG:psij:Attempting to load slurm_descriptor from /home/zhsiller/research/ROSE/rose_env/lib/python3.13/site-packages
DEBUG:psij:Found module "slurm_descriptor" with classes [Descriptor(name=slurm, path=None)]
DEBUG:psij:Registering Descriptor(name=slurm, path=None)
DEBUG:psij:Attempting to load srun_descriptor from /home/zhsiller/research/ROSE/rose_env/lib/python3.13/site-packages
DEBUG:psij:Found module "srun_descriptor" with classes [Descriptor(name=srun, path=None)]
DEBUG:psij:Registering Descriptor(name=srun, path=None)
DEBUG:psij.executors.local:Started <_ProcessReaper(Local Executor Process Reaper, started daemon 139303724226240)>
DEBUG:psij.job:New Job: Job[id=e3715156-78bf-4231-815e-9a6fec29724d, native_id=None, executor=None, status=JobStatus[NEW, time=1774479560.5164993]]
DEBUG:psij.executors.local:Running /bin/bash /home/zhsiller/.psij/work/f65b111560da52a6d41f52a732be0faf4914eb6d7af2230a8de326017979e684/single_launch.sh e3715156-78bf-4231-815e-9a6fec29724d '' '' '' /dev/null bootstrap_0.out bootstrap_0.err /bin/bash -l /home/zhsiller/radical.pilot.sandbox/rhapsody.session.ZacharyXPS.zhsiller.020537.0003/pilot.0000//bootstrap_0.sh -p pilot.0000 -s rhapsody.session.ZacharyXPS.zhsiller.020537.0003 -m local -r installed -b default -v /home/zhsiller/research/ROSE/rose_env -y 30 -z rhapsody.session.ZacharyXPS.zhsiller.020537.0003.pmgr_launching.0000.tgz 
DEBUG:psij.executors.local:Registering process _ChildProcessEntry[jobid: e3715156-78bf-4231-815e-9a6fec29724d, pid: 8563]
DEBUG:psij.job:Job status change Job[id=e3715156-78bf-4231-815e-9a6fec29724d, native_id=8563, executor=JobExecutor[local, 0.0.1], status=JobStatus[NEW, time=1774479560.5164993]]: NEW -> QUEUED
DEBUG:psij.job:Job status change Job[id=e3715156-78bf-4231-815e-9a6fec29724d, native_id=8563, executor=JobExecutor[local, 0.0.1], status=JobStatus[QUEUED, time=1774479560.5184624, meta={'nativeId': 8563}]]: QUEUED -> ACTIVE
DEBUG:psij.job:Job status change Job[id=e3715156-78bf-4231-815e-9a6fec29724d, native_id=8563, executor=JobExecutor[local, 0.0.1], status=JobStatus[ACTIVE, time=1774479560.5185297]]: ACTIVE -> CANCELED
